\BOOKMARK [1][-]{section.1}{Introduction}{}% 1
\BOOKMARK [1][-]{section.2}{Kinematics}{}% 2
\BOOKMARK [2][-]{subsection.2.1}{Theory}{section.2}% 3
\BOOKMARK [3][-]{subsubsection.2.1.1}{Forward Kinematics}{subsection.2.1}% 4
\BOOKMARK [3][-]{subsubsection.2.1.2}{Inverse Kinematics}{subsection.2.1}% 5
\BOOKMARK [3][-]{subsubsection.2.1.3}{Path Planning}{subsection.2.1}% 6
\BOOKMARK [3][-]{subsubsection.2.1.4}{Trajectory Generation}{subsection.2.1}% 7
\BOOKMARK [2][-]{subsection.2.2}{Implementation}{section.2}% 8
\BOOKMARK [1][-]{section.3}{Vision}{}% 9
\BOOKMARK [2][-]{subsection.3.1}{Camera Calibration}{section.3}% 10
\BOOKMARK [3][-]{subsubsection.3.1.1}{Implementation}{subsection.3.1}% 11
\BOOKMARK [2][-]{subsection.3.2}{Eye-in-Hand Calibration}{section.3}% 12
\BOOKMARK [3][-]{subsubsection.3.2.1}{Setup}{subsection.3.2}% 13
\BOOKMARK [3][-]{subsubsection.3.2.2}{Method}{subsection.3.2}% 14
\BOOKMARK [2][-]{subsection.3.3}{Model Recording}{section.3}% 15
\BOOKMARK [3][-]{subsubsection.3.3.1}{Implementation}{subsection.3.3}% 16
\BOOKMARK [2][-]{subsection.3.4}{Point-Cloud Stitching and Model Registration}{section.3}% 17
\BOOKMARK [3][-]{subsubsection.3.4.1}{Implementation}{subsection.3.4}% 18
\BOOKMARK [1][-]{section.4}{Discussion}{}% 19
\BOOKMARK [2][-]{subsection.4.1}{Kinematics}{section.4}% 20
\BOOKMARK [2][-]{subsection.4.2}{Vision}{section.4}% 21
\BOOKMARK [2][-]{subsection.4.3}{Contributions}{section.4}% 22
\BOOKMARK [3][-]{subsubsection.4.3.1}{Aishwarya Krishnamurthy}{subsection.4.3}% 23
\BOOKMARK [3][-]{subsubsection.4.3.2}{Chinmay Sujir}{subsection.4.3}% 24
\BOOKMARK [3][-]{subsubsection.4.3.3}{Konika Narendra Khatri }{subsection.4.3}% 25
\BOOKMARK [3][-]{subsubsection.4.3.4}{Mansi Dayama}{subsection.4.3}% 26
\BOOKMARK [3][-]{subsubsection.4.3.5}{Orhun Cenk Taskin}{subsection.4.3}% 27
\BOOKMARK [3][-]{subsubsection.4.3.6}{Sriramkumar Sarida}{subsection.4.3}% 28
\BOOKMARK [1][-]{section.5}{Conclusions}{}% 29
\BOOKMARK [1][-]{section*.1}{References}{}% 30
\BOOKMARK [1][-]{section*.2}{Appendix}{}% 31
